<?xml version="1.0" encoding="UTF-8"?>
<testsuite xmlns:xsi="http://www.w3.org/2001/XMLSchema-instance" xsi:noNamespaceSchemaLocation="https://maven.apache.org/surefire/maven-surefire-plugin/xsd/surefire-test-report.xsd" name="com.in28minutes.springboot.StudentServicesApplicationTests" time="0.265" tests="1" errors="1" skipped="0" failures="0">
  <properties>
[...]
</properties>
  <testcase name="com.in28minutes.springboot.StudentServicesApplicationTests" classname="com.in28minutes.springboot.StudentServicesApplicationTests" time="0.264">
    <error message="Unable to find a @SpringBootConfiguration, you need to use @ContextConfiguration or @SpringBootTest(classes=...) with your test" type="java.lang.IllegalStateException">java.lang.IllegalStateException: Unable to find a @SpringBootConfiguration, you need to use @ContextConfiguration or @SpringBootTest(classes=...) with your test
</error>
    <system-out><![CDATA[19:34:36.504 [main] DEBUG org.springframework.test.context.BootstrapUtils - Instantiating CacheAwareContextLoaderDelegate from class [org.springframework.test.context.cache.DefaultCacheAwareContextLoaderDelegate]
19:34:36.518 [main] DEBUG org.springframework.test.context.BootstrapUtils - Instantiating BootstrapContext using constructor [public org.springframework.test.context.support.DefaultBootstrapContext(java.lang.Class,org.springframework.test.context.CacheAwareContextLoaderDelegate)]
19:34:36.551 [main] DEBUG org.springframework.test.context.BootstrapUtils - Instantiating TestContextBootstrapper for test class [com.in28minutes.springboot.StudentServicesApplicationTests] from class [org.springframework.boot.test.context.SpringBootTestContextBootstrapper]
19:34:36.563 [main] INFO org.springframework.boot.test.context.SpringBootTestContextBootstrapper - Neither @ContextConfiguration nor @ContextHierarchy found for test class [com.in28minutes.springboot.StudentServicesApplicationTests], using SpringBootContextLoader
19:34:36.566 [main] DEBUG org.springframework.test.context.support.AbstractContextLoader - Did not detect default resource location for test class [com.in28minutes.springboot.StudentServicesApplicationTests]: class path resource [com/in28minutes/springboot/StudentServicesApplicationTests-context.xml] does not exist
19:34:36.566 [main] DEBUG org.springframework.test.context.support.AbstractContextLoader - Did not detect default resource location for test class [com.in28minutes.springboot.StudentServicesApplicationTests]: class path resource [com/in28minutes/springboot/StudentServicesApplicationTestsContext.groovy] does not exist
19:34:36.566 [main] INFO org.springframework.test.context.support.AbstractContextLoader - Could not detect default resource locations for test class [com.in28minutes.springboot.StudentServicesApplicationTests]: no resource found for suffixes {-context.xml, Context.groovy}.
19:34:36.567 [main] INFO org.springframework.test.context.support.AnnotationConfigContextLoaderUtils - Could not detect default configuration classes for test class [com.in28minutes.springboot.StudentServicesApplicationTests]: StudentServicesApplicationTests does not declare any static, non-private, non-final, nested classes annotated with @Configuration.
19:34:36.616 [main] DEBUG org.springframework.test.context.support.ActiveProfilesUtils - Could not find an 'annotation declaring class' for annotation type [org.springframework.test.context.ActiveProfiles] and class [com.in28minutes.springboot.StudentServicesApplicationTests]
]]></system-out>
  </testcase>
</testsuite>